1760596586.306984 client started (2384001): version next-3.7, socket /tmp/smux-1000//tmp/smux-debug.log, protocol 8
1760596586.307000 on Linux 6.16.7-arch1-1 #1 SMP PREEMPT_DYNAMIC Thu, 11 Sep 2025 17:42:36 +0000
1760596586.307005 using libevent 2.1.12-stable poll
1760596586.307007 using ncurses 6.5 20240427
1760596586.307013 flags are 0x18010000
1760596586.307015 socket is /tmp/smux-1000//tmp/smux-debug.log
1760596586.307020 trying connect
1760596586.307030 connect failed: No such file or directory
1760596586.307033 lock file is /tmp/smux-1000//tmp/smux-debug.log.lock
1760596586.307035 open failed: No such file or directory
1760596586.307036 didn't get lock (-1)
1760596586.307037 got lock (-1)
1760596586.307038 trying connect
1760596586.307041 connect failed: No such file or directory
1760596586.307127 add peer 0x55c47eeb7f50: 7 ((nil))
1760596586.307167 sending message 111 to peer 0x55c47eeb7f50 (8 bytes)
1760596586.307170 sending message 111 to peer 0x55c47eeb7f50 (8 bytes)
1760596586.307171 sending message 101 to peer 0x55c47eeb7f50 (15 bytes)
1760596586.307172 sending message 109 to peer 0x55c47eeb7f50 (4 bytes)
1760596586.307173 sending message 102 to peer 0x55c47eeb7f50 (1 bytes)
1760596586.307174 sending message 108 to peer 0x55c47eeb7f50 (27 bytes)
1760596586.307176 sending message 104 to peer 0x55c47eeb7f50 (0 bytes)
1760596586.307177 sending message 110 to peer 0x55c47eeb7f50 (0 bytes)
1760596586.307178 sending message 107 to peer 0x55c47eeb7f50 (4 bytes)
1760596586.307179 sending message 105 to peer 0x55c47eeb7f50 (20 bytes)
1760596586.307180 sending message 105 to peer 0x55c47eeb7f50 (27 bytes)
1760596586.307181 sending message 105 to peer 0x55c47eeb7f50 (24 bytes)
1760596586.307182 sending message 105 to peer 0x55c47eeb7f50 (20 bytes)
1760596586.307183 sending message 105 to peer 0x55c47eeb7f50 (22 bytes)
1760596586.307183 sending message 105 to peer 0x55c47eeb7f50 (25 bytes)
1760596586.307184 sending message 105 to peer 0x55c47eeb7f50 (26 bytes)
1760596586.307185 sending message 105 to peer 0x55c47eeb7f50 (20 bytes)
1760596586.307186 sending message 105 to peer 0x55c47eeb7f50 (43 bytes)
1760596586.307187 sending message 105 to peer 0x55c47eeb7f50 (19 bytes)
1760596586.307188 sending message 105 to peer 0x55c47eeb7f50 (25 bytes)
1760596586.307189 sending message 105 to peer 0x55c47eeb7f50 (40 bytes)
1760596586.307190 sending message 105 to peer 0x55c47eeb7f50 (50 bytes)
1760596586.307191 sending message 105 to peer 0x55c47eeb7f50 (51 bytes)
1760596586.307192 sending message 105 to peer 0x55c47eeb7f50 (21 bytes)
1760596586.307193 sending message 105 to peer 0x55c47eeb7f50 (25 bytes)
1760596586.307194 sending message 105 to peer 0x55c47eeb7f50 (37 bytes)
1760596586.307194 sending message 105 to peer 0x55c47eeb7f50 (64 bytes)
1760596586.307195 sending message 105 to peer 0x55c47eeb7f50 (16 bytes)
1760596586.307196 sending message 105 to peer 0x55c47eeb7f50 (12 bytes)
1760596586.307197 sending message 105 to peer 0x55c47eeb7f50 (15 bytes)
1760596586.307198 sending message 105 to peer 0x55c47eeb7f50 (31 bytes)
1760596586.307199 sending message 105 to peer 0x55c47eeb7f50 (29 bytes)
1760596586.307200 sending message 105 to peer 0x55c47eeb7f50 (18 bytes)
1760596586.307201 sending message 105 to peer 0x55c47eeb7f50 (25 bytes)
1760596586.307202 sending message 105 to peer 0x55c47eeb7f50 (44 bytes)
1760596586.307203 sending message 105 to peer 0x55c47eeb7f50 (22 bytes)
1760596586.307204 sending message 105 to peer 0x55c47eeb7f50 (9 bytes)
1760596586.307204 sending message 105 to peer 0x55c47eeb7f50 (37 bytes)
1760596586.307205 sending message 105 to peer 0x55c47eeb7f50 (19 bytes)
1760596586.307206 sending message 105 to peer 0x55c47eeb7f50 (13 bytes)
1760596586.307207 sending message 105 to peer 0x55c47eeb7f50 (26 bytes)
1760596586.307208 sending message 105 to peer 0x55c47eeb7f50 (21 bytes)
1760596586.307209 sending message 105 to peer 0x55c47eeb7f50 (17 bytes)
1760596586.307210 sending message 105 to peer 0x55c47eeb7f50 (30 bytes)
1760596586.307211 sending message 105 to peer 0x55c47eeb7f50 (29 bytes)
1760596586.307212 sending message 105 to peer 0x55c47eeb7f50 (148 bytes)
1760596586.307215 sending message 105 to peer 0x55c47eeb7f50 (20 bytes)
1760596586.307218 sending message 105 to peer 0x55c47eeb7f50 (26 bytes)
1760596586.307219 sending message 105 to peer 0x55c47eeb7f50 (47 bytes)
1760596586.307220 sending message 105 to peer 0x55c47eeb7f50 (47 bytes)
1760596586.307221 sending message 105 to peer 0x55c47eeb7f50 (16 bytes)
1760596586.307222 sending message 105 to peer 0x55c47eeb7f50 (15 bytes)
1760596586.307223 sending message 105 to peer 0x55c47eeb7f50 (38 bytes)
1760596586.307224 sending message 105 to peer 0x55c47eeb7f50 (47 bytes)
1760596586.307225 sending message 105 to peer 0x55c47eeb7f50 (28 bytes)
1760596586.307226 sending message 105 to peer 0x55c47eeb7f50 (379 bytes)
1760596586.307227 sending message 105 to peer 0x55c47eeb7f50 (38 bytes)
1760596586.307228 sending message 105 to peer 0x55c47eeb7f50 (65 bytes)
1760596586.307229 sending message 105 to peer 0x55c47eeb7f50 (20 bytes)
1760596586.307229 sending message 105 to peer 0x55c47eeb7f50 (19 bytes)
1760596586.307230 sending message 105 to peer 0x55c47eeb7f50 (23 bytes)
1760596586.307231 sending message 105 to peer 0x55c47eeb7f50 (20 bytes)
1760596586.307232 sending message 105 to peer 0x55c47eeb7f50 (70 bytes)
1760596586.307233 sending message 105 to peer 0x55c47eeb7f50 (15 bytes)
1760596586.307234 sending message 105 to peer 0x55c47eeb7f50 (24 bytes)
1760596586.307235 sending message 105 to peer 0x55c47eeb7f50 (17 bytes)
1760596586.307236 sending message 105 to peer 0x55c47eeb7f50 (23 bytes)
1760596586.307237 sending message 105 to peer 0x55c47eeb7f50 (224 bytes)
1760596586.307237 sending message 105 to peer 0x55c47eeb7f50 (90 bytes)
1760596586.307238 sending message 105 to peer 0x55c47eeb7f50 (44 bytes)
1760596586.307239 sending message 105 to peer 0x55c47eeb7f50 (11 bytes)
1760596586.307240 sending message 105 to peer 0x55c47eeb7f50 (8 bytes)
1760596586.307241 sending message 105 to peer 0x55c47eeb7f50 (21 bytes)
1760596586.307242 sending message 105 to peer 0x55c47eeb7f50 (16 bytes)
1760596586.307243 sending message 105 to peer 0x55c47eeb7f50 (19 bytes)
1760596586.307244 sending message 105 to peer 0x55c47eeb7f50 (11 bytes)
1760596586.307245 sending message 105 to peer 0x55c47eeb7f50 (17 bytes)
1760596586.307246 sending message 105 to peer 0x55c47eeb7f50 (20 bytes)
1760596586.307246 sending message 105 to peer 0x55c47eeb7f50 (56 bytes)
1760596586.307247 sending message 105 to peer 0x55c47eeb7f50 (44 bytes)
1760596586.307248 sending message 105 to peer 0x55c47eeb7f50 (31 bytes)
1760596586.307249 sending message 105 to peer 0x55c47eeb7f50 (27 bytes)
1760596586.307250 sending message 105 to peer 0x55c47eeb7f50 (50 bytes)
1760596586.307251 sending message 105 to peer 0x55c47eeb7f50 (33 bytes)
1760596586.307252 sending message 105 to peer 0x55c47eeb7f50 (23 bytes)
1760596586.307253 sending message 105 to peer 0x55c47eeb7f50 (16 bytes)
1760596586.307254 sending message 105 to peer 0x55c47eeb7f50 (42 bytes)
1760596586.307255 sending message 105 to peer 0x55c47eeb7f50 (26 bytes)
1760596586.307255 sending message 105 to peer 0x55c47eeb7f50 (256 bytes)
1760596586.307256 sending message 105 to peer 0x55c47eeb7f50 (33 bytes)
1760596586.307257 sending message 105 to peer 0x55c47eeb7f50 (12 bytes)
1760596586.307258 sending message 105 to peer 0x55c47eeb7f50 (41 bytes)
1760596586.307259 sending message 105 to peer 0x55c47eeb7f50 (54 bytes)
1760596586.307260 sending message 105 to peer 0x55c47eeb7f50 (31 bytes)
1760596586.307261 sending message 105 to peer 0x55c47eeb7f50 (124 bytes)
1760596586.307262 sending message 105 to peer 0x55c47eeb7f50 (35 bytes)
1760596586.307263 sending message 105 to peer 0x55c47eeb7f50 (19 bytes)
1760596586.307264 sending message 106 to peer 0x55c47eeb7f50 (0 bytes)
1760596586.307275 cmd_pack_argv: argv[0]=new-session
1760596586.307276 cmd_pack_argv: argv[1]=-d
1760596586.307277 cmd_pack_argv: argv[2]=-s
1760596586.307278 cmd_pack_argv: argv[3]=debugtest
1760596586.307279 sending message 200 to peer 0x55c47eeb7f50 (32 bytes)
1760596586.307280 client loop enter
1760596586.307342 client_signal: Child exited
1760596586.324896 peer 0x55c47eeb7f50 message 203
1760596586.324899 client loop exit
