1760563631.776640 client started (2399509): version next-3.7, socket /tmp/smux-1000/default, protocol 8
1760563631.776671 on Linux 6.16.7-arch1-1 #1 SMP PREEMPT_DYNAMIC Thu, 11 Sep 2025 17:42:36 +0000
1760563631.776686 using libevent 2.1.12-stable poll
1760563631.776695 using ncurses 6.5 20240427
1760563631.776812 flags are 0x18010000
1760563631.776823 socket is /tmp/smux-1000/default
1760563631.776844 trying connect
1760563631.776913 add peer 0x5600f741aaa0: 6 ((nil))
1760563631.777034 sending message 111 to peer 0x5600f741aaa0 (8 bytes)
1760563631.777044 sending message 111 to peer 0x5600f741aaa0 (8 bytes)
1760563631.777053 sending message 101 to peer 0x5600f741aaa0 (15 bytes)
1760563631.777062 sending message 109 to peer 0x5600f741aaa0 (4 bytes)
1760563631.777071 sending message 102 to peer 0x5600f741aaa0 (1 bytes)
1760563631.777079 sending message 108 to peer 0x5600f741aaa0 (27 bytes)
1760563631.777095 sending message 104 to peer 0x5600f741aaa0 (0 bytes)
1760563631.777112 sending message 110 to peer 0x5600f741aaa0 (0 bytes)
1760563631.777128 sending message 107 to peer 0x5600f741aaa0 (4 bytes)
1760563631.777136 sending message 105 to peer 0x5600f741aaa0 (20 bytes)
1760563631.777146 sending message 105 to peer 0x5600f741aaa0 (27 bytes)
1760563631.777154 sending message 105 to peer 0x5600f741aaa0 (24 bytes)
1760563631.777163 sending message 105 to peer 0x5600f741aaa0 (20 bytes)
1760563631.777171 sending message 105 to peer 0x5600f741aaa0 (22 bytes)
1760563631.777180 sending message 105 to peer 0x5600f741aaa0 (25 bytes)
1760563631.777188 sending message 105 to peer 0x5600f741aaa0 (26 bytes)
1760563631.777197 sending message 105 to peer 0x5600f741aaa0 (20 bytes)
1760563631.777206 sending message 105 to peer 0x5600f741aaa0 (43 bytes)
1760563631.777214 sending message 105 to peer 0x5600f741aaa0 (19 bytes)
1760563631.777236 sending message 105 to peer 0x5600f741aaa0 (25 bytes)
1760563631.777248 sending message 105 to peer 0x5600f741aaa0 (40 bytes)
1760563631.777257 sending message 105 to peer 0x5600f741aaa0 (50 bytes)
1760563631.777282 sending message 105 to peer 0x5600f741aaa0 (51 bytes)
1760563631.777293 sending message 105 to peer 0x5600f741aaa0 (21 bytes)
1760563631.777302 sending message 105 to peer 0x5600f741aaa0 (25 bytes)
1760563631.777310 sending message 105 to peer 0x5600f741aaa0 (37 bytes)
1760563631.777322 sending message 105 to peer 0x5600f741aaa0 (64 bytes)
1760563631.777331 sending message 105 to peer 0x5600f741aaa0 (16 bytes)
1760563631.777339 sending message 105 to peer 0x5600f741aaa0 (12 bytes)
1760563631.777348 sending message 105 to peer 0x5600f741aaa0 (15 bytes)
1760563631.777356 sending message 105 to peer 0x5600f741aaa0 (31 bytes)
1760563631.777365 sending message 105 to peer 0x5600f741aaa0 (18 bytes)
1760563631.777374 sending message 105 to peer 0x5600f741aaa0 (29 bytes)
1760563631.777382 sending message 105 to peer 0x5600f741aaa0 (25 bytes)
1760563631.777391 sending message 105 to peer 0x5600f741aaa0 (44 bytes)
1760563631.777399 sending message 105 to peer 0x5600f741aaa0 (22 bytes)
1760563631.777408 sending message 105 to peer 0x5600f741aaa0 (17 bytes)
1760563631.777421 sending message 105 to peer 0x5600f741aaa0 (37 bytes)
1760563631.777471 sending message 105 to peer 0x5600f741aaa0 (19 bytes)
1760563631.777501 sending message 105 to peer 0x5600f741aaa0 (13 bytes)
1760563631.777562 sending message 105 to peer 0x5600f741aaa0 (26 bytes)
1760563631.777577 sending message 105 to peer 0x5600f741aaa0 (21 bytes)
1760563631.777588 sending message 105 to peer 0x5600f741aaa0 (17 bytes)
1760563631.777596 sending message 105 to peer 0x5600f741aaa0 (30 bytes)
1760563631.777605 sending message 105 to peer 0x5600f741aaa0 (29 bytes)
1760563631.777613 sending message 105 to peer 0x5600f741aaa0 (148 bytes)
1760563631.777623 sending message 105 to peer 0x5600f741aaa0 (20 bytes)
1760563631.777645 sending message 105 to peer 0x5600f741aaa0 (26 bytes)
1760563631.777655 sending message 105 to peer 0x5600f741aaa0 (47 bytes)
1760563631.777664 sending message 105 to peer 0x5600f741aaa0 (47 bytes)
1760563631.777672 sending message 105 to peer 0x5600f741aaa0 (16 bytes)
1760563631.777687 sending message 105 to peer 0x5600f741aaa0 (15 bytes)
1760563631.777704 sending message 105 to peer 0x5600f741aaa0 (38 bytes)
1760563631.777712 sending message 105 to peer 0x5600f741aaa0 (28 bytes)
1760563631.777721 sending message 105 to peer 0x5600f741aaa0 (47 bytes)
1760563631.777729 sending message 105 to peer 0x5600f741aaa0 (379 bytes)
1760563631.777738 sending message 105 to peer 0x5600f741aaa0 (38 bytes)
1760563631.777747 sending message 105 to peer 0x5600f741aaa0 (63 bytes)
1760563631.777755 sending message 105 to peer 0x5600f741aaa0 (20 bytes)
1760563631.777764 sending message 105 to peer 0x5600f741aaa0 (19 bytes)
1760563631.777772 sending message 105 to peer 0x5600f741aaa0 (23 bytes)
1760563631.777782 sending message 105 to peer 0x5600f741aaa0 (20 bytes)
1760563631.777799 sending message 105 to peer 0x5600f741aaa0 (70 bytes)
1760563631.777808 sending message 105 to peer 0x5600f741aaa0 (15 bytes)
1760563631.777816 sending message 105 to peer 0x5600f741aaa0 (24 bytes)
1760563631.777824 sending message 105 to peer 0x5600f741aaa0 (17 bytes)
1760563631.777833 sending message 105 to peer 0x5600f741aaa0 (23 bytes)
1760563631.777843 sending message 105 to peer 0x5600f741aaa0 (224 bytes)
1760563631.777853 sending message 105 to peer 0x5600f741aaa0 (90 bytes)
1760563631.777864 sending message 105 to peer 0x5600f741aaa0 (44 bytes)
1760563631.777873 sending message 105 to peer 0x5600f741aaa0 (11 bytes)
1760563631.777881 sending message 105 to peer 0x5600f741aaa0 (8 bytes)
1760563631.777890 sending message 105 to peer 0x5600f741aaa0 (21 bytes)
1760563631.777898 sending message 105 to peer 0x5600f741aaa0 (16 bytes)
1760563631.777907 sending message 105 to peer 0x5600f741aaa0 (19 bytes)
1760563631.777915 sending message 105 to peer 0x5600f741aaa0 (11 bytes)
1760563631.777924 sending message 105 to peer 0x5600f741aaa0 (17 bytes)
1760563631.777932 sending message 105 to peer 0x5600f741aaa0 (20 bytes)
1760563631.777951 sending message 105 to peer 0x5600f741aaa0 (56 bytes)
1760563631.777975 sending message 105 to peer 0x5600f741aaa0 (44 bytes)
1760563631.777986 sending message 105 to peer 0x5600f741aaa0 (31 bytes)
1760563631.777996 sending message 105 to peer 0x5600f741aaa0 (27 bytes)
1760563631.778004 sending message 105 to peer 0x5600f741aaa0 (50 bytes)
1760563631.778012 sending message 105 to peer 0x5600f741aaa0 (33 bytes)
1760563631.778020 sending message 105 to peer 0x5600f741aaa0 (23 bytes)
1760563631.778028 sending message 105 to peer 0x5600f741aaa0 (16 bytes)
1760563631.778036 sending message 105 to peer 0x5600f741aaa0 (42 bytes)
1760563631.778045 sending message 105 to peer 0x5600f741aaa0 (26 bytes)
1760563631.778053 sending message 105 to peer 0x5600f741aaa0 (256 bytes)
1760563631.778061 sending message 105 to peer 0x5600f741aaa0 (33 bytes)
1760563631.778069 sending message 105 to peer 0x5600f741aaa0 (12 bytes)
1760563631.778077 sending message 105 to peer 0x5600f741aaa0 (39 bytes)
1760563631.778085 sending message 105 to peer 0x5600f741aaa0 (54 bytes)
1760563631.778094 sending message 105 to peer 0x5600f741aaa0 (31 bytes)
1760563631.778102 sending message 105 to peer 0x5600f741aaa0 (124 bytes)
1760563631.778110 sending message 105 to peer 0x5600f741aaa0 (35 bytes)
1760563631.778118 sending message 105 to peer 0x5600f741aaa0 (29 bytes)
1760563631.778126 sending message 105 to peer 0x5600f741aaa0 (19 bytes)
1760563631.778135 sending message 105 to peer 0x5600f741aaa0 (19 bytes)
1760563631.778144 sending message 106 to peer 0x5600f741aaa0 (0 bytes)
1760563631.778336 sending message 200 to peer 0x5600f741aaa0 (4 bytes)
1760563631.778345 client loop enter
1760563636.768151 client_signal: Terminated
1760563636.768183 client_signal: Continued
1760563636.768199 client loop exit
