1760510186.351883 client started (412973): version next-3.7, socket /tmp/smux-1000/default, protocol 8
1760510186.351897 on Linux 6.16.7-arch1-1 #1 SMP PREEMPT_DYNAMIC Thu, 11 Sep 2025 17:42:36 +0000
1760510186.351902 using libevent 2.1.12-stable poll
1760510186.351904 using ncurses 6.5 20240427
1760510186.351910 flags are 0x18010000
1760510186.351911 socket is /tmp/smux-1000/default
1760510186.351917 trying connect
1760510186.351925 connect failed: Connection refused
1760510186.351927 lock file is /tmp/smux-1000/default.lock
1760510186.351938 flock succeeded
1760510186.351939 got lock (6)
1760510186.351941 trying connect
1760510186.351944 connect failed: Connection refused
1760510186.352009 add peer 0x55da55975010: 7 ((nil))
1760510186.352046 sending message 111 to peer 0x55da55975010 (8 bytes)
1760510186.352049 sending message 111 to peer 0x55da55975010 (8 bytes)
1760510186.352050 sending message 101 to peer 0x55da55975010 (15 bytes)
1760510186.352051 sending message 109 to peer 0x55da55975010 (4 bytes)
1760510186.352052 sending message 102 to peer 0x55da55975010 (1 bytes)
1760510186.352053 sending message 108 to peer 0x55da55975010 (27 bytes)
1760510186.352054 sending message 104 to peer 0x55da55975010 (0 bytes)
1760510186.352056 sending message 110 to peer 0x55da55975010 (0 bytes)
1760510186.352057 sending message 107 to peer 0x55da55975010 (4 bytes)
1760510186.352058 sending message 105 to peer 0x55da55975010 (20 bytes)
1760510186.352058 sending message 105 to peer 0x55da55975010 (27 bytes)
1760510186.352059 sending message 105 to peer 0x55da55975010 (24 bytes)
1760510186.352060 sending message 105 to peer 0x55da55975010 (20 bytes)
1760510186.352061 sending message 105 to peer 0x55da55975010 (22 bytes)
1760510186.352062 sending message 105 to peer 0x55da55975010 (25 bytes)
1760510186.352063 sending message 105 to peer 0x55da55975010 (26 bytes)
1760510186.352064 sending message 105 to peer 0x55da55975010 (20 bytes)
1760510186.352065 sending message 105 to peer 0x55da55975010 (43 bytes)
1760510186.352066 sending message 105 to peer 0x55da55975010 (19 bytes)
1760510186.352067 sending message 105 to peer 0x55da55975010 (25 bytes)
1760510186.352067 sending message 105 to peer 0x55da55975010 (40 bytes)
1760510186.352068 sending message 105 to peer 0x55da55975010 (50 bytes)
1760510186.352069 sending message 105 to peer 0x55da55975010 (51 bytes)
1760510186.352070 sending message 105 to peer 0x55da55975010 (21 bytes)
1760510186.352071 sending message 105 to peer 0x55da55975010 (25 bytes)
1760510186.352072 sending message 105 to peer 0x55da55975010 (37 bytes)
1760510186.352073 sending message 105 to peer 0x55da55975010 (64 bytes)
1760510186.352074 sending message 105 to peer 0x55da55975010 (16 bytes)
1760510186.352075 sending message 105 to peer 0x55da55975010 (12 bytes)
1760510186.352075 sending message 105 to peer 0x55da55975010 (15 bytes)
1760510186.352076 sending message 105 to peer 0x55da55975010 (31 bytes)
1760510186.352077 sending message 105 to peer 0x55da55975010 (18 bytes)
1760510186.352078 sending message 105 to peer 0x55da55975010 (29 bytes)
1760510186.352079 sending message 105 to peer 0x55da55975010 (25 bytes)
1760510186.352080 sending message 105 to peer 0x55da55975010 (44 bytes)
1760510186.352081 sending message 105 to peer 0x55da55975010 (22 bytes)
1760510186.352082 sending message 105 to peer 0x55da55975010 (37 bytes)
1760510186.352083 sending message 105 to peer 0x55da55975010 (19 bytes)
1760510186.352083 sending message 105 to peer 0x55da55975010 (13 bytes)
1760510186.352084 sending message 105 to peer 0x55da55975010 (26 bytes)
1760510186.352085 sending message 105 to peer 0x55da55975010 (21 bytes)
1760510186.352086 sending message 105 to peer 0x55da55975010 (17 bytes)
1760510186.352087 sending message 105 to peer 0x55da55975010 (30 bytes)
1760510186.352088 sending message 105 to peer 0x55da55975010 (29 bytes)
1760510186.352089 sending message 105 to peer 0x55da55975010 (148 bytes)
1760510186.352090 sending message 105 to peer 0x55da55975010 (20 bytes)
1760510186.352090 sending message 105 to peer 0x55da55975010 (26 bytes)
1760510186.352093 sending message 105 to peer 0x55da55975010 (47 bytes)
1760510186.352096 sending message 105 to peer 0x55da55975010 (47 bytes)
1760510186.352097 sending message 105 to peer 0x55da55975010 (16 bytes)
1760510186.352098 sending message 105 to peer 0x55da55975010 (15 bytes)
1760510186.352099 sending message 105 to peer 0x55da55975010 (38 bytes)
1760510186.352100 sending message 105 to peer 0x55da55975010 (28 bytes)
1760510186.352101 sending message 105 to peer 0x55da55975010 (47 bytes)
1760510186.352102 sending message 105 to peer 0x55da55975010 (379 bytes)
1760510186.352103 sending message 105 to peer 0x55da55975010 (38 bytes)
1760510186.352104 sending message 105 to peer 0x55da55975010 (63 bytes)
1760510186.352104 sending message 105 to peer 0x55da55975010 (20 bytes)
1760510186.352105 sending message 105 to peer 0x55da55975010 (19 bytes)
1760510186.352106 sending message 105 to peer 0x55da55975010 (23 bytes)
1760510186.352107 sending message 105 to peer 0x55da55975010 (20 bytes)
1760510186.352108 sending message 105 to peer 0x55da55975010 (70 bytes)
1760510186.352109 sending message 105 to peer 0x55da55975010 (15 bytes)
1760510186.352110 sending message 105 to peer 0x55da55975010 (24 bytes)
1760510186.352111 sending message 105 to peer 0x55da55975010 (17 bytes)
1760510186.352112 sending message 105 to peer 0x55da55975010 (23 bytes)
1760510186.352113 sending message 105 to peer 0x55da55975010 (224 bytes)
1760510186.352113 sending message 105 to peer 0x55da55975010 (90 bytes)
1760510186.352114 sending message 105 to peer 0x55da55975010 (44 bytes)
1760510186.352115 sending message 105 to peer 0x55da55975010 (11 bytes)
1760510186.352116 sending message 105 to peer 0x55da55975010 (8 bytes)
1760510186.352117 sending message 105 to peer 0x55da55975010 (21 bytes)
1760510186.352118 sending message 105 to peer 0x55da55975010 (16 bytes)
1760510186.352119 sending message 105 to peer 0x55da55975010 (19 bytes)
1760510186.352120 sending message 105 to peer 0x55da55975010 (11 bytes)
1760510186.352121 sending message 105 to peer 0x55da55975010 (17 bytes)
1760510186.352121 sending message 105 to peer 0x55da55975010 (20 bytes)
1760510186.352122 sending message 105 to peer 0x55da55975010 (56 bytes)
1760510186.352123 sending message 105 to peer 0x55da55975010 (44 bytes)
1760510186.352124 sending message 105 to peer 0x55da55975010 (31 bytes)
1760510186.352125 sending message 105 to peer 0x55da55975010 (27 bytes)
1760510186.352126 sending message 105 to peer 0x55da55975010 (50 bytes)
1760510186.352127 sending message 105 to peer 0x55da55975010 (33 bytes)
1760510186.352128 sending message 105 to peer 0x55da55975010 (23 bytes)
1760510186.352129 sending message 105 to peer 0x55da55975010 (16 bytes)
1760510186.352130 sending message 105 to peer 0x55da55975010 (42 bytes)
1760510186.352130 sending message 105 to peer 0x55da55975010 (26 bytes)
1760510186.352131 sending message 105 to peer 0x55da55975010 (256 bytes)
1760510186.352132 sending message 105 to peer 0x55da55975010 (33 bytes)
1760510186.352133 sending message 105 to peer 0x55da55975010 (12 bytes)
1760510186.352134 sending message 105 to peer 0x55da55975010 (39 bytes)
1760510186.352135 sending message 105 to peer 0x55da55975010 (54 bytes)
1760510186.352136 sending message 105 to peer 0x55da55975010 (31 bytes)
1760510186.352137 sending message 105 to peer 0x55da55975010 (124 bytes)
1760510186.352138 sending message 105 to peer 0x55da55975010 (35 bytes)
1760510186.352139 sending message 105 to peer 0x55da55975010 (29 bytes)
1760510186.352139 sending message 105 to peer 0x55da55975010 (19 bytes)
1760510186.352140 sending message 105 to peer 0x55da55975010 (9 bytes)
1760510186.352141 sending message 106 to peer 0x55da55975010 (0 bytes)
1760510186.352152 cmd_pack_argv: argv[0]=new-session
1760510186.352153 cmd_pack_argv: argv[1]=-d
1760510186.352154 cmd_pack_argv: argv[2]=-s
1760510186.352154 cmd_pack_argv: argv[3]=debug-test
1760510186.352159 sending message 200 to peer 0x55da55975010 (33 bytes)
1760510186.352160 client loop enter
1760510186.352165 client_signal: Child exited
1760510186.370764 peer 0x55da55975010 message 203
1760510186.370774 client loop exit
