1760594965.681983 client started (2272379): version next-3.7, socket /tmp/smux-1000/default, protocol 8
1760594965.681994 on Linux 6.16.7-arch1-1 #1 SMP PREEMPT_DYNAMIC Thu, 11 Sep 2025 17:42:36 +0000
1760594965.681999 using libevent 2.1.12-stable poll
1760594965.682001 using ncurses 6.5 20240427
1760594965.682007 flags are 0x18010000
1760594965.682009 socket is /tmp/smux-1000/default
1760594965.682014 trying connect
1760594965.682024 connect failed: No such file or directory
1760594965.682026 lock file is /tmp/smux-1000/default.lock
1760594965.682031 flock succeeded
1760594965.682032 got lock (6)
1760594965.682033 trying connect
1760594965.682036 connect failed: No such file or directory
1760594965.682118 add peer 0x563599a97f20: 8 ((nil))
1760594965.682150 sending message 111 to peer 0x563599a97f20 (8 bytes)
1760594965.682153 sending message 111 to peer 0x563599a97f20 (8 bytes)
1760594965.682154 sending message 101 to peer 0x563599a97f20 (15 bytes)
1760594965.682155 sending message 109 to peer 0x563599a97f20 (4 bytes)
1760594965.682156 sending message 102 to peer 0x563599a97f20 (1 bytes)
1760594965.682157 sending message 108 to peer 0x563599a97f20 (27 bytes)
1760594965.682159 sending message 104 to peer 0x563599a97f20 (0 bytes)
1760594965.682160 sending message 110 to peer 0x563599a97f20 (0 bytes)
1760594965.682162 sending message 107 to peer 0x563599a97f20 (4 bytes)
1760594965.682163 sending message 105 to peer 0x563599a97f20 (20 bytes)
1760594965.682164 sending message 105 to peer 0x563599a97f20 (27 bytes)
1760594965.682165 sending message 105 to peer 0x563599a97f20 (24 bytes)
1760594965.682165 sending message 105 to peer 0x563599a97f20 (20 bytes)
1760594965.682166 sending message 105 to peer 0x563599a97f20 (22 bytes)
1760594965.682167 sending message 105 to peer 0x563599a97f20 (25 bytes)
1760594965.682168 sending message 105 to peer 0x563599a97f20 (26 bytes)
1760594965.682169 sending message 105 to peer 0x563599a97f20 (20 bytes)
1760594965.682170 sending message 105 to peer 0x563599a97f20 (43 bytes)
1760594965.682171 sending message 105 to peer 0x563599a97f20 (19 bytes)
1760594965.682172 sending message 105 to peer 0x563599a97f20 (25 bytes)
1760594965.682173 sending message 105 to peer 0x563599a97f20 (40 bytes)
1760594965.682174 sending message 105 to peer 0x563599a97f20 (50 bytes)
1760594965.682175 sending message 105 to peer 0x563599a97f20 (51 bytes)
1760594965.682176 sending message 105 to peer 0x563599a97f20 (21 bytes)
1760594965.682177 sending message 105 to peer 0x563599a97f20 (25 bytes)
1760594965.682178 sending message 105 to peer 0x563599a97f20 (37 bytes)
1760594965.682179 sending message 105 to peer 0x563599a97f20 (64 bytes)
1760594965.682180 sending message 105 to peer 0x563599a97f20 (16 bytes)
1760594965.682181 sending message 105 to peer 0x563599a97f20 (12 bytes)
1760594965.682182 sending message 105 to peer 0x563599a97f20 (15 bytes)
1760594965.682183 sending message 105 to peer 0x563599a97f20 (31 bytes)
1760594965.682183 sending message 105 to peer 0x563599a97f20 (18 bytes)
1760594965.682184 sending message 105 to peer 0x563599a97f20 (29 bytes)
1760594965.682185 sending message 105 to peer 0x563599a97f20 (25 bytes)
1760594965.682186 sending message 105 to peer 0x563599a97f20 (44 bytes)
1760594965.682187 sending message 105 to peer 0x563599a97f20 (22 bytes)
1760594965.682188 sending message 105 to peer 0x563599a97f20 (37 bytes)
1760594965.682189 sending message 105 to peer 0x563599a97f20 (19 bytes)
1760594965.682190 sending message 105 to peer 0x563599a97f20 (13 bytes)
1760594965.682191 sending message 105 to peer 0x563599a97f20 (26 bytes)
1760594965.682192 sending message 105 to peer 0x563599a97f20 (21 bytes)
1760594965.682193 sending message 105 to peer 0x563599a97f20 (17 bytes)
1760594965.682194 sending message 105 to peer 0x563599a97f20 (30 bytes)
1760594965.682194 sending message 105 to peer 0x563599a97f20 (29 bytes)
1760594965.682195 sending message 105 to peer 0x563599a97f20 (148 bytes)
1760594965.682196 sending message 105 to peer 0x563599a97f20 (20 bytes)
1760594965.682197 sending message 105 to peer 0x563599a97f20 (26 bytes)
1760594965.682200 sending message 105 to peer 0x563599a97f20 (47 bytes)
1760594965.682203 sending message 105 to peer 0x563599a97f20 (47 bytes)
1760594965.682204 sending message 105 to peer 0x563599a97f20 (16 bytes)
1760594965.682205 sending message 105 to peer 0x563599a97f20 (15 bytes)
1760594965.682206 sending message 105 to peer 0x563599a97f20 (38 bytes)
1760594965.682207 sending message 105 to peer 0x563599a97f20 (28 bytes)
1760594965.682208 sending message 105 to peer 0x563599a97f20 (47 bytes)
1760594965.682209 sending message 105 to peer 0x563599a97f20 (379 bytes)
1760594965.682210 sending message 105 to peer 0x563599a97f20 (38 bytes)
1760594965.682211 sending message 105 to peer 0x563599a97f20 (65 bytes)
1760594965.682212 sending message 105 to peer 0x563599a97f20 (20 bytes)
1760594965.682213 sending message 105 to peer 0x563599a97f20 (19 bytes)
1760594965.682214 sending message 105 to peer 0x563599a97f20 (23 bytes)
1760594965.682215 sending message 105 to peer 0x563599a97f20 (20 bytes)
1760594965.682216 sending message 105 to peer 0x563599a97f20 (70 bytes)
1760594965.682217 sending message 105 to peer 0x563599a97f20 (15 bytes)
1760594965.682218 sending message 105 to peer 0x563599a97f20 (24 bytes)
1760594965.682218 sending message 105 to peer 0x563599a97f20 (17 bytes)
1760594965.682219 sending message 105 to peer 0x563599a97f20 (23 bytes)
1760594965.682220 sending message 105 to peer 0x563599a97f20 (224 bytes)
1760594965.682221 sending message 105 to peer 0x563599a97f20 (90 bytes)
1760594965.682222 sending message 105 to peer 0x563599a97f20 (44 bytes)
1760594965.682223 sending message 105 to peer 0x563599a97f20 (11 bytes)
1760594965.682224 sending message 105 to peer 0x563599a97f20 (8 bytes)
1760594965.682225 sending message 105 to peer 0x563599a97f20 (21 bytes)
1760594965.682226 sending message 105 to peer 0x563599a97f20 (16 bytes)
1760594965.682227 sending message 105 to peer 0x563599a97f20 (19 bytes)
1760594965.682228 sending message 105 to peer 0x563599a97f20 (11 bytes)
1760594965.682229 sending message 105 to peer 0x563599a97f20 (17 bytes)
1760594965.682230 sending message 105 to peer 0x563599a97f20 (20 bytes)
1760594965.682231 sending message 105 to peer 0x563599a97f20 (56 bytes)
1760594965.682232 sending message 105 to peer 0x563599a97f20 (44 bytes)
1760594965.682233 sending message 105 to peer 0x563599a97f20 (31 bytes)
1760594965.682234 sending message 105 to peer 0x563599a97f20 (27 bytes)
1760594965.682234 sending message 105 to peer 0x563599a97f20 (50 bytes)
1760594965.682235 sending message 105 to peer 0x563599a97f20 (33 bytes)
1760594965.682236 sending message 105 to peer 0x563599a97f20 (23 bytes)
1760594965.682237 sending message 105 to peer 0x563599a97f20 (16 bytes)
1760594965.682238 sending message 105 to peer 0x563599a97f20 (42 bytes)
1760594965.682239 sending message 105 to peer 0x563599a97f20 (26 bytes)
1760594965.682240 sending message 105 to peer 0x563599a97f20 (256 bytes)
1760594965.682241 sending message 105 to peer 0x563599a97f20 (33 bytes)
1760594965.682242 sending message 105 to peer 0x563599a97f20 (12 bytes)
1760594965.682243 sending message 105 to peer 0x563599a97f20 (41 bytes)
1760594965.682244 sending message 105 to peer 0x563599a97f20 (54 bytes)
1760594965.682245 sending message 105 to peer 0x563599a97f20 (31 bytes)
1760594965.682246 sending message 105 to peer 0x563599a97f20 (124 bytes)
1760594965.682247 sending message 105 to peer 0x563599a97f20 (35 bytes)
1760594965.682248 sending message 105 to peer 0x563599a97f20 (19 bytes)
1760594965.682249 sending message 105 to peer 0x563599a97f20 (9 bytes)
1760594965.682250 sending message 106 to peer 0x563599a97f20 (0 bytes)
1760594965.682261 cmd_pack_argv: argv[0]=start-server
1760594965.682262 sending message 200 to peer 0x563599a97f20 (17 bytes)
1760594965.682263 client loop enter
1760594965.682317 client_signal: Child exited
1760594965.683830 client loop exit
