1760596594.301018 client started (2384449): version next-3.7, socket /tmp/smux-1000/default, protocol 8
1760596594.301032 on Linux 6.16.7-arch1-1 #1 SMP PREEMPT_DYNAMIC Thu, 11 Sep 2025 17:42:36 +0000
1760596594.301037 using libevent 2.1.12-stable poll
1760596594.301039 using ncurses 6.5 20240427
1760596594.301046 flags are 0x18010000
1760596594.301047 socket is /tmp/smux-1000/default
1760596594.301053 trying connect
1760596594.301063 connect failed: No such file or directory
1760596594.301065 lock file is /tmp/smux-1000/default.lock
1760596594.301074 flock succeeded
1760596594.301075 got lock (6)
1760596594.301077 trying connect
1760596594.301080 connect failed: No such file or directory
1760596594.301166 add peer 0x56298d4c4e30: 8 ((nil))
1760596594.301205 sending message 111 to peer 0x56298d4c4e30 (8 bytes)
1760596594.301208 sending message 111 to peer 0x56298d4c4e30 (8 bytes)
1760596594.301209 sending message 101 to peer 0x56298d4c4e30 (15 bytes)
1760596594.301210 sending message 109 to peer 0x56298d4c4e30 (4 bytes)
1760596594.301211 sending message 102 to peer 0x56298d4c4e30 (1 bytes)
1760596594.301212 sending message 108 to peer 0x56298d4c4e30 (27 bytes)
1760596594.301213 sending message 104 to peer 0x56298d4c4e30 (0 bytes)
1760596594.301214 sending message 110 to peer 0x56298d4c4e30 (0 bytes)
1760596594.301215 sending message 107 to peer 0x56298d4c4e30 (4 bytes)
1760596594.301216 sending message 105 to peer 0x56298d4c4e30 (20 bytes)
1760596594.301217 sending message 105 to peer 0x56298d4c4e30 (27 bytes)
1760596594.301218 sending message 105 to peer 0x56298d4c4e30 (24 bytes)
1760596594.301219 sending message 105 to peer 0x56298d4c4e30 (20 bytes)
1760596594.301220 sending message 105 to peer 0x56298d4c4e30 (22 bytes)
1760596594.301221 sending message 105 to peer 0x56298d4c4e30 (25 bytes)
1760596594.301222 sending message 105 to peer 0x56298d4c4e30 (26 bytes)
1760596594.301223 sending message 105 to peer 0x56298d4c4e30 (20 bytes)
1760596594.301224 sending message 105 to peer 0x56298d4c4e30 (43 bytes)
1760596594.301225 sending message 105 to peer 0x56298d4c4e30 (19 bytes)
1760596594.301226 sending message 105 to peer 0x56298d4c4e30 (25 bytes)
1760596594.301226 sending message 105 to peer 0x56298d4c4e30 (40 bytes)
1760596594.301227 sending message 105 to peer 0x56298d4c4e30 (50 bytes)
1760596594.301228 sending message 105 to peer 0x56298d4c4e30 (51 bytes)
1760596594.301229 sending message 105 to peer 0x56298d4c4e30 (21 bytes)
1760596594.301230 sending message 105 to peer 0x56298d4c4e30 (25 bytes)
1760596594.301231 sending message 105 to peer 0x56298d4c4e30 (37 bytes)
1760596594.301232 sending message 105 to peer 0x56298d4c4e30 (64 bytes)
1760596594.301233 sending message 105 to peer 0x56298d4c4e30 (16 bytes)
1760596594.301234 sending message 105 to peer 0x56298d4c4e30 (12 bytes)
1760596594.301235 sending message 105 to peer 0x56298d4c4e30 (15 bytes)
1760596594.301236 sending message 105 to peer 0x56298d4c4e30 (31 bytes)
1760596594.301237 sending message 105 to peer 0x56298d4c4e30 (18 bytes)
1760596594.301238 sending message 105 to peer 0x56298d4c4e30 (29 bytes)
1760596594.301239 sending message 105 to peer 0x56298d4c4e30 (25 bytes)
1760596594.301239 sending message 105 to peer 0x56298d4c4e30 (44 bytes)
1760596594.301240 sending message 105 to peer 0x56298d4c4e30 (22 bytes)
1760596594.301241 sending message 105 to peer 0x56298d4c4e30 (37 bytes)
1760596594.301242 sending message 105 to peer 0x56298d4c4e30 (19 bytes)
1760596594.301243 sending message 105 to peer 0x56298d4c4e30 (13 bytes)
1760596594.301244 sending message 105 to peer 0x56298d4c4e30 (26 bytes)
1760596594.301245 sending message 105 to peer 0x56298d4c4e30 (21 bytes)
1760596594.301246 sending message 105 to peer 0x56298d4c4e30 (17 bytes)
1760596594.301247 sending message 105 to peer 0x56298d4c4e30 (30 bytes)
1760596594.301248 sending message 105 to peer 0x56298d4c4e30 (29 bytes)
1760596594.301249 sending message 105 to peer 0x56298d4c4e30 (148 bytes)
1760596594.301249 sending message 105 to peer 0x56298d4c4e30 (20 bytes)
1760596594.301250 sending message 105 to peer 0x56298d4c4e30 (26 bytes)
1760596594.301254 sending message 105 to peer 0x56298d4c4e30 (47 bytes)
1760596594.301257 sending message 105 to peer 0x56298d4c4e30 (47 bytes)
1760596594.301258 sending message 105 to peer 0x56298d4c4e30 (16 bytes)
1760596594.301258 sending message 105 to peer 0x56298d4c4e30 (15 bytes)
1760596594.301259 sending message 105 to peer 0x56298d4c4e30 (38 bytes)
1760596594.301260 sending message 105 to peer 0x56298d4c4e30 (28 bytes)
1760596594.301261 sending message 105 to peer 0x56298d4c4e30 (47 bytes)
1760596594.301262 sending message 105 to peer 0x56298d4c4e30 (379 bytes)
1760596594.301263 sending message 105 to peer 0x56298d4c4e30 (38 bytes)
1760596594.301264 sending message 105 to peer 0x56298d4c4e30 (65 bytes)
1760596594.301265 sending message 105 to peer 0x56298d4c4e30 (20 bytes)
1760596594.301266 sending message 105 to peer 0x56298d4c4e30 (19 bytes)
1760596594.301267 sending message 105 to peer 0x56298d4c4e30 (23 bytes)
1760596594.301268 sending message 105 to peer 0x56298d4c4e30 (20 bytes)
1760596594.301269 sending message 105 to peer 0x56298d4c4e30 (70 bytes)
1760596594.301270 sending message 105 to peer 0x56298d4c4e30 (15 bytes)
1760596594.301271 sending message 105 to peer 0x56298d4c4e30 (24 bytes)
1760596594.301272 sending message 105 to peer 0x56298d4c4e30 (17 bytes)
1760596594.301272 sending message 105 to peer 0x56298d4c4e30 (23 bytes)
1760596594.301273 sending message 105 to peer 0x56298d4c4e30 (224 bytes)
1760596594.301274 sending message 105 to peer 0x56298d4c4e30 (90 bytes)
1760596594.301275 sending message 105 to peer 0x56298d4c4e30 (44 bytes)
1760596594.301276 sending message 105 to peer 0x56298d4c4e30 (11 bytes)
1760596594.301277 sending message 105 to peer 0x56298d4c4e30 (8 bytes)
1760596594.301278 sending message 105 to peer 0x56298d4c4e30 (21 bytes)
1760596594.301279 sending message 105 to peer 0x56298d4c4e30 (16 bytes)
1760596594.301280 sending message 105 to peer 0x56298d4c4e30 (19 bytes)
1760596594.301281 sending message 105 to peer 0x56298d4c4e30 (11 bytes)
1760596594.301282 sending message 105 to peer 0x56298d4c4e30 (17 bytes)
1760596594.301283 sending message 105 to peer 0x56298d4c4e30 (20 bytes)
1760596594.301284 sending message 105 to peer 0x56298d4c4e30 (56 bytes)
1760596594.301284 sending message 105 to peer 0x56298d4c4e30 (44 bytes)
1760596594.301285 sending message 105 to peer 0x56298d4c4e30 (31 bytes)
1760596594.301286 sending message 105 to peer 0x56298d4c4e30 (27 bytes)
1760596594.301287 sending message 105 to peer 0x56298d4c4e30 (50 bytes)
1760596594.301288 sending message 105 to peer 0x56298d4c4e30 (33 bytes)
1760596594.301289 sending message 105 to peer 0x56298d4c4e30 (23 bytes)
1760596594.301290 sending message 105 to peer 0x56298d4c4e30 (16 bytes)
1760596594.301291 sending message 105 to peer 0x56298d4c4e30 (42 bytes)
1760596594.301292 sending message 105 to peer 0x56298d4c4e30 (26 bytes)
1760596594.301293 sending message 105 to peer 0x56298d4c4e30 (256 bytes)
1760596594.301294 sending message 105 to peer 0x56298d4c4e30 (33 bytes)
1760596594.301295 sending message 105 to peer 0x56298d4c4e30 (12 bytes)
1760596594.301296 sending message 105 to peer 0x56298d4c4e30 (41 bytes)
1760596594.301296 sending message 105 to peer 0x56298d4c4e30 (54 bytes)
1760596594.301297 sending message 105 to peer 0x56298d4c4e30 (31 bytes)
1760596594.301298 sending message 105 to peer 0x56298d4c4e30 (124 bytes)
1760596594.301299 sending message 105 to peer 0x56298d4c4e30 (35 bytes)
1760596594.301300 sending message 105 to peer 0x56298d4c4e30 (19 bytes)
1760596594.301301 sending message 105 to peer 0x56298d4c4e30 (9 bytes)
1760596594.301302 sending message 106 to peer 0x56298d4c4e30 (0 bytes)
1760596594.301314 sending message 200 to peer 0x56298d4c4e30 (4 bytes)
1760596594.301315 client loop enter
1760596594.301365 client_signal: Child exited
1760596594.319041 peer 0x56298d4c4e30 message 303
1760596594.319049 open write file 2 -
1760596594.319056 sending message 305 to peer 0x56298d4c4e30 (8 bytes)
1760596594.319060 write check file 2
1760596594.319084 peer 0x56298d4c4e30 message 304
1760596594.319089 write 37 to file 2
1760596594.319113 peer 0x56298d4c4e30 message 203
1760596594.319115 file 2 37 bytes left
1760596594.319119 write check file 2
1760596594.319120 client loop exit
