1760512872.937129 client started (496734): version next-3.7, socket /tmp/smux-1000/default, protocol 8
1760512872.937143 on Linux 6.16.7-arch1-1 #1 SMP PREEMPT_DYNAMIC Thu, 11 Sep 2025 17:42:36 +0000
1760512872.937149 using libevent 2.1.12-stable poll
1760512872.937150 using ncurses 6.5 20240427
1760512872.937157 flags are 0x18010000
1760512872.937159 socket is /tmp/smux-1000/default
1760512872.937165 trying connect
1760512872.937179 add peer 0x559c25933f10: 6 ((nil))
1760512872.937196 sending message 111 to peer 0x559c25933f10 (8 bytes)
1760512872.937198 sending message 111 to peer 0x559c25933f10 (8 bytes)
1760512872.937199 sending message 101 to peer 0x559c25933f10 (15 bytes)
1760512872.937200 sending message 109 to peer 0x559c25933f10 (4 bytes)
1760512872.937202 sending message 102 to peer 0x559c25933f10 (1 bytes)
1760512872.937202 sending message 108 to peer 0x559c25933f10 (27 bytes)
1760512872.937204 sending message 104 to peer 0x559c25933f10 (0 bytes)
1760512872.937205 sending message 110 to peer 0x559c25933f10 (0 bytes)
1760512872.937206 sending message 107 to peer 0x559c25933f10 (4 bytes)
1760512872.937207 sending message 105 to peer 0x559c25933f10 (20 bytes)
1760512872.937208 sending message 105 to peer 0x559c25933f10 (27 bytes)
1760512872.937209 sending message 105 to peer 0x559c25933f10 (24 bytes)
1760512872.937210 sending message 105 to peer 0x559c25933f10 (20 bytes)
1760512872.937211 sending message 105 to peer 0x559c25933f10 (22 bytes)
1760512872.937212 sending message 105 to peer 0x559c25933f10 (25 bytes)
1760512872.937213 sending message 105 to peer 0x559c25933f10 (26 bytes)
1760512872.937214 sending message 105 to peer 0x559c25933f10 (20 bytes)
1760512872.937215 sending message 105 to peer 0x559c25933f10 (43 bytes)
1760512872.937216 sending message 105 to peer 0x559c25933f10 (19 bytes)
1760512872.937217 sending message 105 to peer 0x559c25933f10 (25 bytes)
1760512872.937218 sending message 105 to peer 0x559c25933f10 (40 bytes)
1760512872.937219 sending message 105 to peer 0x559c25933f10 (50 bytes)
1760512872.937220 sending message 105 to peer 0x559c25933f10 (51 bytes)
1760512872.937221 sending message 105 to peer 0x559c25933f10 (21 bytes)
1760512872.937221 sending message 105 to peer 0x559c25933f10 (25 bytes)
1760512872.937222 sending message 105 to peer 0x559c25933f10 (37 bytes)
1760512872.937223 sending message 105 to peer 0x559c25933f10 (64 bytes)
1760512872.937224 sending message 105 to peer 0x559c25933f10 (16 bytes)
1760512872.937225 sending message 105 to peer 0x559c25933f10 (12 bytes)
1760512872.937226 sending message 105 to peer 0x559c25933f10 (15 bytes)
1760512872.937227 sending message 105 to peer 0x559c25933f10 (31 bytes)
1760512872.937228 sending message 105 to peer 0x559c25933f10 (18 bytes)
1760512872.937229 sending message 105 to peer 0x559c25933f10 (29 bytes)
1760512872.937230 sending message 105 to peer 0x559c25933f10 (25 bytes)
1760512872.937231 sending message 105 to peer 0x559c25933f10 (44 bytes)
1760512872.937232 sending message 105 to peer 0x559c25933f10 (22 bytes)
1760512872.937233 sending message 105 to peer 0x559c25933f10 (37 bytes)
1760512872.937234 sending message 105 to peer 0x559c25933f10 (19 bytes)
1760512872.937235 sending message 105 to peer 0x559c25933f10 (13 bytes)
1760512872.937236 sending message 105 to peer 0x559c25933f10 (26 bytes)
1760512872.937236 sending message 105 to peer 0x559c25933f10 (21 bytes)
1760512872.937237 sending message 105 to peer 0x559c25933f10 (17 bytes)
1760512872.937238 sending message 105 to peer 0x559c25933f10 (30 bytes)
1760512872.937239 sending message 105 to peer 0x559c25933f10 (29 bytes)
1760512872.937240 sending message 105 to peer 0x559c25933f10 (148 bytes)
1760512872.937241 sending message 105 to peer 0x559c25933f10 (20 bytes)
1760512872.937242 sending message 105 to peer 0x559c25933f10 (26 bytes)
1760512872.937243 sending message 105 to peer 0x559c25933f10 (47 bytes)
1760512872.937244 sending message 105 to peer 0x559c25933f10 (47 bytes)
1760512872.937245 sending message 105 to peer 0x559c25933f10 (16 bytes)
1760512872.937246 sending message 105 to peer 0x559c25933f10 (15 bytes)
1760512872.937249 sending message 105 to peer 0x559c25933f10 (38 bytes)
1760512872.937251 sending message 105 to peer 0x559c25933f10 (28 bytes)
1760512872.937252 sending message 105 to peer 0x559c25933f10 (47 bytes)
1760512872.937253 sending message 105 to peer 0x559c25933f10 (379 bytes)
1760512872.937254 sending message 105 to peer 0x559c25933f10 (38 bytes)
1760512872.937255 sending message 105 to peer 0x559c25933f10 (63 bytes)
1760512872.937256 sending message 105 to peer 0x559c25933f10 (20 bytes)
1760512872.937257 sending message 105 to peer 0x559c25933f10 (19 bytes)
1760512872.937258 sending message 105 to peer 0x559c25933f10 (23 bytes)
1760512872.937259 sending message 105 to peer 0x559c25933f10 (20 bytes)
1760512872.937260 sending message 105 to peer 0x559c25933f10 (70 bytes)
1760512872.937261 sending message 105 to peer 0x559c25933f10 (15 bytes)
1760512872.937262 sending message 105 to peer 0x559c25933f10 (24 bytes)
1760512872.937263 sending message 105 to peer 0x559c25933f10 (17 bytes)
1760512872.937264 sending message 105 to peer 0x559c25933f10 (23 bytes)
1760512872.937265 sending message 105 to peer 0x559c25933f10 (224 bytes)
1760512872.937266 sending message 105 to peer 0x559c25933f10 (90 bytes)
1760512872.937267 sending message 105 to peer 0x559c25933f10 (44 bytes)
1760512872.937268 sending message 105 to peer 0x559c25933f10 (11 bytes)
1760512872.937269 sending message 105 to peer 0x559c25933f10 (8 bytes)
1760512872.937270 sending message 105 to peer 0x559c25933f10 (21 bytes)
1760512872.937271 sending message 105 to peer 0x559c25933f10 (16 bytes)
1760512872.937272 sending message 105 to peer 0x559c25933f10 (19 bytes)
1760512872.937273 sending message 105 to peer 0x559c25933f10 (11 bytes)
1760512872.937274 sending message 105 to peer 0x559c25933f10 (17 bytes)
1760512872.937275 sending message 105 to peer 0x559c25933f10 (20 bytes)
1760512872.937276 sending message 105 to peer 0x559c25933f10 (56 bytes)
1760512872.937276 sending message 105 to peer 0x559c25933f10 (44 bytes)
1760512872.937277 sending message 105 to peer 0x559c25933f10 (31 bytes)
1760512872.937278 sending message 105 to peer 0x559c25933f10 (27 bytes)
1760512872.937279 sending message 105 to peer 0x559c25933f10 (50 bytes)
1760512872.937280 sending message 105 to peer 0x559c25933f10 (33 bytes)
1760512872.937281 sending message 105 to peer 0x559c25933f10 (23 bytes)
1760512872.937282 sending message 105 to peer 0x559c25933f10 (16 bytes)
1760512872.937283 sending message 105 to peer 0x559c25933f10 (42 bytes)
1760512872.937284 sending message 105 to peer 0x559c25933f10 (26 bytes)
1760512872.937285 sending message 105 to peer 0x559c25933f10 (256 bytes)
1760512872.937286 sending message 105 to peer 0x559c25933f10 (33 bytes)
1760512872.937287 sending message 105 to peer 0x559c25933f10 (12 bytes)
1760512872.937288 sending message 105 to peer 0x559c25933f10 (39 bytes)
1760512872.937289 sending message 105 to peer 0x559c25933f10 (54 bytes)
1760512872.937290 sending message 105 to peer 0x559c25933f10 (31 bytes)
1760512872.937291 sending message 105 to peer 0x559c25933f10 (124 bytes)
1760512872.937292 sending message 105 to peer 0x559c25933f10 (35 bytes)
1760512872.937293 sending message 105 to peer 0x559c25933f10 (29 bytes)
1760512872.937294 sending message 105 to peer 0x559c25933f10 (19 bytes)
1760512872.937295 sending message 105 to peer 0x559c25933f10 (19 bytes)
1760512872.937296 sending message 106 to peer 0x559c25933f10 (0 bytes)
1760512872.937306 cmd_pack_argv: argv[0]=new-session
1760512872.937307 cmd_pack_argv: argv[1]=-d
1760512872.937308 cmd_pack_argv: argv[2]=-s
1760512872.937309 cmd_pack_argv: argv[3]=debug-trace
1760512872.937310 sending message 200 to peer 0x559c25933f10 (34 bytes)
1760512872.937311 client loop enter
1760512883.931257 client_signal: Terminated
1760512883.931268 client loop exit
